#
# A fatal error has been detected by the Java Runtime Environment:
#
#  SIGBUS (0x7) at pc=0x00007f86abe9aada, pid=682, tid=0x00007f8674cf5700
#
# JRE version: Java(TM) SE Runtime Environment (8.0_131-b11) (build 1.8.0_131-b11)
# Java VM: Java HotSpot(TM) 64-Bit Server VM (25.131-b11 mixed mode linux-amd64 compressed oops)
# Problematic frame:
# C  [ld-linux-x86-64.so.2+0x1aada]
#
# Failed to write core dump. Core dumps have been disabled. To enable core dumping, try "ulimit -c unlimited" before starting Java again
#
# If you would like to submit a bug report, please visit:
#   http://bugreport.java.com/bugreport/crash.jsp
# The crash happened outside the Java Virtual Machine in native code.
# See problematic frame for where to report the bug.
#

---------------  T H R E A D  ---------------

Current thread (0x00007f86a44a6000):  JavaThread "QuantumRenderer-0" daemon [_thread_in_native, id=734, stack(0x00007f8674bf5000,0x00007f8674cf6000)]

siginfo: si_signo: 7 (SIGBUS), si_code: 2 (BUS_ADRERR), si_addr: 0x00007f86749aaa50

Registers:
RAX=0x0000000000000000, RBX=0x00007f8674cf1888, RCX=0x00000000000005b0, RDX=0x00007f86749aaa50
RSP=0x00007f8674cf1818, RBP=0x00007f8674cf1ae0, RSI=0x0000000000000000, RDI=0x00007f86749aaa50
R8 =0x00007f86749aaa50, R9 =0x0000000000474000, R10=0x0000000000000812, R11=0x0000000000000206
R12=0x00007f8634007640, R13=0x00007f8674cf1bc0, R14=0x0000000000000002, R15=0x00007f86749ab000
RIP=0x00007f86abe9aada, EFLAGS=0x0000000000010202, CSGSFS=0x0000000000000033, ERR=0x0000000000000006
  TRAPNO=0x000000000000000e

Top of Stack: (sp=0x00007f8674cf1818)
0x00007f8674cf1818:   00007f86abe8685e ffff80798b30e761
0x00007f8674cf1828:   0000000000000003 0000000000000000
0x00007f8674cf1838:   0000000000000000 0000005b00000030
0x00007f8674cf1848:   00007f8674cf18a0 0000000000000000
0x00007f8674cf1858:   0000000000000000 0000000000475000
0x00007f8674cf1868:   00000000004748dc 00000000004748dc
0x00007f8674cf1878:   0000000000000000 00007f8600000005
0x00007f8674cf1888:   0000000000674000 000000000067f000
0x00007f8674cf1898:   000000000067ea50 0000000000681468
0x00007f8674cf18a8:   0000000000474000 00007f8600000003
0x00007f8674cf18b8:   00007f8634000020 0000000000000000
0x00007f8674cf18c8:   00007f8634000020 000000000000001b
0x00007f8674cf18d8:   000000000000001b 0000000000000000
0x00007f8674cf18e8:   000000000000001a 0000000000000002
0x00007f8674cf18f8:   00007f86ab50284c 00007f8634007160
0x00007f8674cf1908:   00007f8634007640 000000000000002f
0x00007f8674cf1918:   00007f86abe8b5d8 00007f8634006d90
0x00007f8674cf1928:   000000000000001b 0000000200000004
0x00007f8674cf1938:   0000000000000014 0000001400000004
0x00007f8674cf1948:   00007f8634007160 00007f8674cf1ae0
0x00007f8674cf1958:   0000000000000000 0000000080000000
0x00007f8674cf1968:   0000000000000000 000000000000002b
0x00007f8674cf1978:   00007f86abe862f4 00007f8674cf19af
0x00007f8674cf1988:   000000000000002b ffffffffffffffff
0x00007f8674cf1998:   00007f86ac0a3070 000000000000007c
0x00007f8674cf19a8:   0000000000000000 0000000000000000
0x00007f8674cf19b8:   00007f86abe909fb 00007f86749ad468
0x00007f8674cf19c8:   00007f8674cf1980 0000000000000000
0x00007f8674cf19d8:   00007f8634006d90 00007f8674cf1b78
0x00007f8674cf19e8:   00007f86749ebd14 0000002b00030014
0x00007f8674cf19f8:   00007f86ac0a3120 00007f86749aaa50
0x00007f8674cf1a08:   0000000000681468 0000000000000006 

Instructions: (pc=0x00007f86abe9aada)
0x00007f86abe9aaba:   e9 fd fe ff ff 90 e8 1b 06 00 00 48 8b 44 24 08
0x00007f86abe9aaca:   eb 97 0f 1f 40 00 48 89 d1 40 0f b6 c6 48 89 fa
0x00007f86abe9aada:   f3 aa 48 89 d0 c3 48 83 fa 20 73 7a f6 c2 01 74
0x00007f86abe9aaea:   0b 0f b6 0e 88 0f 48 ff c6 48 ff c7 f6 c2 02 74 

Register to memory mapping:

RAX=0x0000000000000000 is an unknown value
RBX=0x00007f8674cf1888 is pointing into the stack for thread: 0x00007f86a44a6000
RCX=0x00000000000005b0 is an unknown value
RDX=0x00007f86749aaa50 is an unknown value
RSP=0x00007f8674cf1818 is pointing into the stack for thread: 0x00007f86a44a6000
RBP=0x00007f8674cf1ae0 is pointing into the stack for thread: 0x00007f86a44a6000
RSI=0x0000000000000000 is an unknown value
RDI=0x00007f86749aaa50 is an unknown value
R8 =0x00007f86749aaa50 is an unknown value
R9 =0x0000000000474000 is an unknown value
R10=0x0000000000000812 is an unknown value
R11=0x0000000000000206 is an unknown value
R12=0x00007f8634007640 is an unknown value
R13=0x00007f8674cf1bc0 is pointing into the stack for thread: 0x00007f86a44a6000
R14=0x0000000000000002 is an unknown value
R15=0x00007f86749ab000 is an unknown value


Stack: [0x00007f8674bf5000,0x00007f8674cf6000],  sp=0x00007f8674cf1818,  free space=1010k
Native frames: (J=compiled Java code, j=interpreted, Vv=VM code, C=native code)
C  [ld-linux-x86-64.so.2+0x1aada]
C  [ld-linux-x86-64.so.2+0x87b8]

Java frames: (J=compiled Java code, j=interpreted, Vv=VM code)
j  java.lang.ClassLoader$NativeLibrary.load(Ljava/lang/String;Z)V+0
j  java.lang.ClassLoader.loadLibrary0(Ljava/lang/Class;Ljava/io/File;)Z+328
j  java.lang.ClassLoader.loadLibrary(Ljava/lang/Class;Ljava/lang/String;Z)V+48
j  java.lang.Runtime.load0(Ljava/lang/Class;Ljava/lang/String;)V+57
j  java.lang.System.load(Ljava/lang/String;)V+7
j  com.sun.glass.utils.NativeLibLoader.loadLibraryFullPath(Ljava/lang/String;)V+342
j  com.sun.glass.utils.NativeLibLoader.loadLibraryInternal(Ljava/lang/String;)V+1
j  com.sun.glass.utils.NativeLibLoader.loadLibrary(Ljava/lang/String;)V+11
j  com.sun.prism.es2.ES2Pipeline.lambda$static$464()Ljava/lang/Void;+89
j  com.sun.prism.es2.ES2Pipeline$$Lambda$25.run()Ljava/lang/Object;+0
v  ~StubRoutines::call_stub
j  java.security.AccessController.doPrivileged(Ljava/security/PrivilegedAction;)Ljava/lang/Object;+0
j  com.sun.prism.es2.ES2Pipeline.<clinit>()V+19
v  ~StubRoutines::call_stub
j  java.lang.Class.forName0(Ljava/lang/String;ZLjava/lang/ClassLoader;Ljava/lang/Class;)Ljava/lang/Class;+0
j  java.lang.Class.forName(Ljava/lang/String;)Ljava/lang/Class;+11
j  com.sun.prism.GraphicsPipeline.createPipeline()Lcom/sun/prism/GraphicsPipeline;+232
j  com.sun.javafx.tk.quantum.QuantumRenderer$PipelineRunnable.init()V+0
j  com.sun.javafx.tk.quantum.QuantumRenderer$PipelineRunnable.run()V+1
j  java.lang.Thread.run()V+11
v  ~StubRoutines::call_stub

---------------  P R O C E S S  ---------------

Java Threads: ( => current thread )
  0x00007f8650001000 JavaThread "Attach Listener" daemon [_thread_in_vm, id=739, stack(0x00007f867422b000,0x00007f867432c000)]
=>0x00007f86a44a6000 JavaThread "QuantumRenderer-0" daemon [_thread_in_native, id=734, stack(0x00007f8674bf5000,0x00007f8674cf6000)]
  0x00007f86a43ba800 JavaThread "Service Thread" daemon [_thread_blocked, id=732, stack(0x00007f8674e8d000,0x00007f8674f8e000)]
  0x00007f86a439b000 JavaThread "C1 CompilerThread3" daemon [_thread_blocked, id=731, stack(0x00007f86751a6000,0x00007f86752a6000)]
  0x00007f86a4399000 JavaThread "C2 CompilerThread2" daemon [_thread_blocked, id=730, stack(0x00007f86752a7000,0x00007f86753a7000)]
  0x00007f86a4397000 JavaThread "C2 CompilerThread1" daemon [_thread_blocked, id=729, stack(0x00007f86753a8000,0x00007f86754a8000)]
  0x00007f86a4395000 JavaThread "C2 CompilerThread0" daemon [_thread_blocked, id=728, stack(0x00007f86754a9000,0x00007f86755a9000)]
  0x00007f86a4393000 JavaThread "Monitor Ctrl-Break" daemon [_thread_in_native, id=727, stack(0x00007f86755a9000,0x00007f86756aa000)]
  0x00007f86a420b800 JavaThread "Signal Dispatcher" daemon [_thread_blocked, id=726, stack(0x00007f8675708000,0x00007f8675809000)]
  0x00007f86a41d8000 JavaThread "Finalizer" daemon [_thread_blocked, id=718, stack(0x00007f8675809000,0x00007f867590a000)]
  0x00007f86a41d3800 JavaThread "Reference Handler" daemon [_thread_blocked, id=716, stack(0x00007f867590a000,0x00007f8675a0b000)]
  0x00007f86a400e800 JavaThread "main" [_thread_blocked, id=688, stack(0x00007f86abf61000,0x00007f86ac061000)]

Other Threads:
  0x00007f86a41cc000 VMThread [stack: 0x00007f8675a0c000,0x00007f8675b0c000] [id=714]
  0x00007f86a43c5800 WatcherThread [stack: 0x00007f8674d8d000,0x00007f8674e8d000] [id=733]

VM state:synchronizing (normal execution)

VM Mutex/Monitor currently owned by a thread:  ([mutex/lock_event])
[0x00007f86a4009ea0] Threads_lock - owner thread: 0x00007f86a41cc000

Heap:
 PSYoungGen      total 74240K, used 12836K [0x000000076d900000, 0x0000000772b80000, 0x00000007c0000000)
  eden space 64000K, 20% used [0x000000076d900000,0x000000076e5892a0,0x0000000771780000)
  from space 10240K, 0% used [0x0000000772180000,0x0000000772180000,0x0000000772b80000)
  to   space 10240K, 0% used [0x0000000771780000,0x0000000771780000,0x0000000772180000)
 ParOldGen       total 169472K, used 0K [0x00000006c8a00000, 0x00000006d2f80000, 0x000000076d900000)
  object space 169472K, 0% used [0x00000006c8a00000,0x00000006c8a00000,0x00000006d2f80000)
 Metaspace       used 5179K, capacity 5568K, committed 5888K, reserved 1056768K
  class space    used 595K, capacity 696K, committed 768K, reserved 1048576K

Card table byte_map: [0x00007f86a8644000,0x00007f86a8e00000] byte_map_base: 0x00007f86a4fff000

Marking Bits: (ParMarkBitMap*) 0x00007f86ab44ff60
 Begin Bits: [0x00007f8668450000, 0x00007f866c228000)
 End Bits:   [0x00007f866c228000, 0x00007f8670000000)

Polling page: 0x00007f86ac09f000

CodeCache: size=245760Kb used=1678Kb max_used=1678Kb free=244081Kb
 bounds [0x00007f8695000000, 0x00007f8695270000, 0x00007f86a4000000]
 total_blobs=612 nmethods=309 adapters=217
 compilation: enabled

Compilation events (10 events):
Event: 0,214 Thread 0x00007f86a439b000  309       3       java.lang.ThreadLocal$ThreadLocalMap::getEntry (42 bytes)
Event: 0,214 Thread 0x00007f86a439b000 nmethod 309 0x00007f869519e110 code [0x00007f869519e280, 0x00007f869519e588]
Event: 0,214 Thread 0x00007f86a439b000  303       3       java.lang.ClassLoader::getClassLoadingLock (35 bytes)
Event: 0,215 Thread 0x00007f86a439b000 nmethod 303 0x00007f869519da50 code [0x00007f869519dbe0, 0x00007f869519dfa8]
Event: 0,215 Thread 0x00007f86a439b000  304       3       java.lang.ClassLoader::findLoadedClass (16 bytes)
Event: 0,215 Thread 0x00007f86a439b000 nmethod 304 0x00007f869519d590 code [0x00007f869519d720, 0x00007f869519d958]
Event: 0,215 Thread 0x00007f86a439b000  306       3       jdk.internal.org.objectweb.asm.ByteVector::<init> (13 bytes)
Event: 0,215 Thread 0x00007f86a439b000 nmethod 306 0x00007f86951a0a50 code [0x00007f86951a0bc0, 0x00007f86951a0e10]
Event: 0,215 Thread 0x00007f86a439b000  307       3       jdk.internal.org.objectweb.asm.ByteVector::putByteArray (49 bytes)
Event: 0,215 Thread 0x00007f86a439b000 nmethod 307 0x00007f86951a0490 code [0x00007f86951a0620, 0x00007f86951a0958]

GC Heap History (0 events):
No events

Deoptimization events (0 events):
No events

Internal exceptions (9 events):
Event: 0,040 Thread 0x00007f86a400e800 Exception <a 'java/lang/NoSuchMethodError': Method sun.misc.Unsafe.defineClass(Ljava/lang/String;[BII)Ljava/lang/Class; name or signature does not match> (0x000000076d907ca8) thrown at [/HUDSON/workspace/8-2-build-linux-amd64/jdk8u131/8869/hotspot/src/sha
Event: 0,040 Thread 0x00007f86a400e800 Exception <a 'java/lang/NoSuchMethodError': Method sun.misc.Unsafe.prefetchRead(Ljava/lang/Object;J)V name or signature does not match> (0x000000076d907f90) thrown at [/HUDSON/workspace/8-2-build-linux-amd64/jdk8u131/8869/hotspot/src/share/vm/prims/jni.cp
Event: 0,156 Thread 0x00007f86a400e800 Exception <a 'java/lang/NoSuchFieldError': method resolution failed> (0x000000076debf0d8) thrown at [/HUDSON/workspace/8-2-build-linux-amd64/jdk8u131/8869/hotspot/src/share/vm/prims/methodHandles.cpp, line 1146]
Event: 0,157 Thread 0x00007f86a400e800 Exception <a 'java/lang/NoSuchFieldError': method resolution failed> (0x000000076decccf8) thrown at [/HUDSON/workspace/8-2-build-linux-amd64/jdk8u131/8869/hotspot/src/share/vm/prims/methodHandles.cpp, line 1146]
Event: 0,173 Thread 0x00007f86a400e800 Exception <a 'java/security/PrivilegedActionException'> (0x000000076df7a348) thrown at [/HUDSON/workspace/8-2-build-linux-amd64/jdk8u131/8869/hotspot/src/share/vm/prims/jvm.cpp, line 1390]
Event: 0,173 Thread 0x00007f86a400e800 Exception <a 'java/security/PrivilegedActionException'> (0x000000076df7a558) thrown at [/HUDSON/workspace/8-2-build-linux-amd64/jdk8u131/8869/hotspot/src/share/vm/prims/jvm.cpp, line 1390]
Event: 0,173 Thread 0x00007f86a400e800 Exception <a 'java/security/PrivilegedActionException'> (0x000000076df7d190) thrown at [/HUDSON/workspace/8-2-build-linux-amd64/jdk8u131/8869/hotspot/src/share/vm/prims/jvm.cpp, line 1390]
Event: 0,173 Thread 0x00007f86a400e800 Exception <a 'java/security/PrivilegedActionException'> (0x000000076df7d3a0) thrown at [/HUDSON/workspace/8-2-build-linux-amd64/jdk8u131/8869/hotspot/src/share/vm/prims/jvm.cpp, line 1390]
Event: 0,174 Thread 0x00007f86a400e800 Exception <a 'java/lang/NullPointerException'> (0x000000076df7dda8) thrown at [/HUDSON/workspace/8-2-build-linux-amd64/jdk8u131/8869/hotspot/src/share/vm/interpreter/linkResolver.cpp, line 1197]

Events (10 events):
Event: 0,212 loading class com/sun/prism/es2/GLPixelFormat
Event: 0,212 loading class com/sun/prism/es2/GLPixelFormat done
Event: 0,213 loading class com/sun/glass/utils/NativeLibLoader
Event: 0,213 loading class com/sun/glass/utils/NativeLibLoader done
Event: 0,213 loading class java/lang/UnsatisfiedLinkError
Event: 0,213 loading class java/lang/UnsatisfiedLinkError done
Event: 1,007 Thread 0x00007f8650001000 Thread added: 0x00007f8650001000
Event: 1,207 loading class sun/misc/VMSupport
Event: 1,208 loading class sun/misc/VMSupport done
Event: 4,120 Executing VM operation: EnableBiasedLocking


Dynamic libraries:
00400000-00401000 r-xp 00000000 08:11 3010920                            /work/irlin326287_1/home/sehouboa/jdk1.8.0_131/bin/java
00600000-00601000 rw-p 00000000 08:11 3010920                            /work/irlin326287_1/home/sehouboa/jdk1.8.0_131/bin/java
01d33000-01d54000 rw-p 00000000 00:00 0                                  [heap]
6c8a00000-6d2f80000 rw-p 00000000 00:00 0 
6d2f80000-76d900000 ---p 00000000 00:00 0 
76d900000-772b80000 rw-p 00000000 00:00 0 
772b80000-7c0000000 ---p 00000000 00:00 0 
7c0000000-7c00c0000 rw-p 00000000 00:00 0 
7c00c0000-800000000 ---p 00000000 00:00 0 
7f8628000000-7f8628021000 rw-p 00000000 00:00 0 
7f8628021000-7f862c000000 ---p 00000000 00:00 0 
7f8630000000-7f8630021000 rw-p 00000000 00:00 0 
7f8630021000-7f8634000000 ---p 00000000 00:00 0 
7f8634000000-7f8634021000 rw-p 00000000 00:00 0 
7f8634021000-7f8638000000 ---p 00000000 00:00 0 
7f8638000000-7f8638169000 rw-p 00000000 00:00 0 
7f8638169000-7f863c000000 ---p 00000000 00:00 0 
7f863c000000-7f863c021000 rw-p 00000000 00:00 0 
7f863c021000-7f8640000000 ---p 00000000 00:00 0 
7f8640000000-7f864003c000 rw-p 00000000 00:00 0 
7f864003c000-7f8644000000 ---p 00000000 00:00 0 
7f8644000000-7f8644021000 rw-p 00000000 00:00 0 
7f8644021000-7f8648000000 ---p 00000000 00:00 0 
7f8648000000-7f8648069000 rw-p 00000000 00:00 0 
7f8648069000-7f864c000000 ---p 00000000 00:00 0 
7f864c000000-7f864c164000 rw-p 00000000 00:00 0 
7f864c164000-7f8650000000 ---p 00000000 00:00 0 
7f8650000000-7f8650021000 rw-p 00000000 00:00 0 
7f8650021000-7f8654000000 ---p 00000000 00:00 0 
7f8655ad7000-7f865c000000 r--p 00000000 08:02 33589193                   /usr/lib/locale/locale-archive
7f865c000000-7f865c021000 rw-p 00000000 00:00 0 
7f865c021000-7f8660000000 ---p 00000000 00:00 0 
7f8660000000-7f8660021000 rw-p 00000000 00:00 0 
7f8660021000-7f8664000000 ---p 00000000 00:00 0 
7f8664000000-7f8664021000 rw-p 00000000 00:00 0 
7f8664021000-7f8668000000 ---p 00000000 00:00 0 
7f8668450000-7f8670000000 rw-p 00000000 00:00 0 
7f8670000000-7f8670021000 rw-p 00000000 00:00 0 
7f8670021000-7f8674000000 ---p 00000000 00:00 0 
7f867422b000-7f867422e000 ---p 00000000 00:00 0 
7f867422e000-7f867432c000 rw-p 00000000 00:00 0 
7f867432c000-7f86747a1000 r-xp 00000000 08:02 52012469                   /usr/lib64/libgtk-x11-2.0.so.0.2400.31
7f86747a1000-7f86749a0000 ---p 00475000 08:02 52012469                   /usr/lib64/libgtk-x11-2.0.so.0.2400.31
7f86749a0000-7f86749ab000 rw-p 00474000 08:02 52012469                   /usr/lib64/libgtk-x11-2.0.so.0.2400.31
7f86749ab000-7f86749ae000 r-xp 0067f000 08:02 52012469                   /usr/lib64/libgtk-x11-2.0.so.0.2400.31
7f86749ae000-7f86749e9000 r--p 00000000 08:02 50468495                   /etc/ld.so.cache
7f86749e9000-7f86749f5000 r-xp 00000000 08:11 1610963296                 /work/irlin326287_1/home/sehouboa/jdk1.8.0_131/jre/lib/amd64/libprism_es2.so
7f86749f5000-7f8674bf4000 ---p 0000c000 08:11 1610963296                 /work/irlin326287_1/home/sehouboa/jdk1.8.0_131/jre/lib/amd64/libprism_es2.so
7f8674bf4000-7f8674bf5000 rw-p 0000b000 08:11 1610963296                 /work/irlin326287_1/home/sehouboa/jdk1.8.0_131/jre/lib/amd64/libprism_es2.so
7f8674bf5000-7f8674bf8000 ---p 00000000 00:00 0 
7f8674bf8000-7f8674cf6000 rw-p 00000000 00:00 0 
7f8674cf6000-7f8674d8c000 r--s 0110d000 08:11 538255105                  /work/irlin326287_1/home/sehouboa/jdk1.8.0_131/jre/lib/ext/jfxrt.jar
7f8674d8c000-7f8674d8d000 ---p 00000000 00:00 0 
7f8674d8d000-7f8674e8d000 rw-p 00000000 00:00 0 
7f8674e8d000-7f8674e90000 ---p 00000000 00:00 0 
7f8674e90000-7f8674f8e000 rw-p 00000000 00:00 0 
7f8674f8e000-7f8674fa4000 r-xp 00000000 08:11 1610963260                 /work/irlin326287_1/home/sehouboa/jdk1.8.0_131/jre/lib/amd64/libnet.so
7f8674fa4000-7f86751a4000 ---p 00016000 08:11 1610963260                 /work/irlin326287_1/home/sehouboa/jdk1.8.0_131/jre/lib/amd64/libnet.so
7f86751a4000-7f86751a5000 rw-p 00016000 08:11 1610963260                 /work/irlin326287_1/home/sehouboa/jdk1.8.0_131/jre/lib/amd64/libnet.so
7f86751a5000-7f86751a9000 ---p 00000000 00:00 0 
7f86751a9000-7f86752a6000 rw-p 00000000 00:00 0 
7f86752a6000-7f86752aa000 ---p 00000000 00:00 0 
7f86752aa000-7f86753a7000 rw-p 00000000 00:00 0 
7f86753a7000-7f86753ab000 ---p 00000000 00:00 0 
7f86753ab000-7f86754a8000 rw-p 00000000 00:00 0 
7f86754a8000-7f86754ac000 ---p 00000000 00:00 0 
7f86754ac000-7f86755a9000 rw-p 00000000 00:00 0 
7f86755a9000-7f86755ac000 ---p 00000000 00:00 0 
7f86755ac000-7f86756aa000 rw-p 00000000 00:00 0 
7f86756aa000-7f86756ac000 r--s 0001b000 08:11 536878425                  /work/irlin326287_1/sehouboa/apps/idea-IC-191.7479.19/lib/idea_rt.jar
7f86756ac000-7f86756ae000 r--s 00009000 08:11 1610964307                 /work/irlin326287_1/home/sehouboa/.m2/repository/org/hamcrest/hamcrest-core/1.3/hamcrest-core-1.3.jar
7f86756ae000-7f86756b6000 r--s 00045000 08:11 6525                       /work/irlin326287_1/home/sehouboa/.m2/repository/junit/junit/4.12/junit-4.12.jar
7f86756b6000-7f86756b8000 r--s 00009000 08:11 779523                     /work/irlin326287_1/home/sehouboa/.m2/repository/org/slf4j/slf4j-api/1.7.25/slf4j-api-1.7.25.jar
7f86756b8000-7f86756cf000 r--s 000fc000 08:11 1076054400                 /work/irlin326287_1/home/sehouboa/.m2/repository/org/springframework/spring-core/4.3.13.RELEASE/spring-core-4.3.13.RELEASE.jar
7f86756cf000-7f86756e8000 r--s 000fe000 08:11 1613104899                 /work/irlin326287_1/home/sehouboa/.m2/repository/org/springframework/spring-context/4.3.13.RELEASE/spring-context-4.3.13.RELEASE.jar
7f86756e8000-7f86756f6000 r--s 000ad000 08:11 539797345                  /work/irlin326287_1/home/sehouboa/.m2/repository/org/springframework/spring-beans/4.3.13.RELEASE/spring-beans-4.3.13.RELEASE.jar
7f86756f6000-7f8675708000 r--s 000b8000 08:11 1611925982                 /work/irlin326287_1/home/sehouboa/.m2/repository/org/springframework/spring-web/4.3.13.RELEASE/spring-web-4.3.13.RELEASE.jar
7f8675708000-7f867570b000 ---p 00000000 00:00 0 
7f867570b000-7f8675809000 rw-p 00000000 00:00 0 
7f8675809000-7f867580c000 ---p 00000000 00:00 0 
7f867580c000-7f867590a000 rw-p 00000000 00:00 0 
7f867590a000-7f867590d000 ---p 00000000 00:00 0 
7f867590d000-7f8675a0b000 rw-p 00000000 00:00 0 
7f8675a0b000-7f8675a0c000 ---p 00000000 00:00 0 
7f8675a0c000-7f8677627000 rw-p 00000000 00:00 0 
7f8677627000-7f8677800000 r--s 03d40000 08:11 3175621                    /work/irlin326287_1/home/sehouboa/jdk1.8.0_131/jre/lib/rt.jar
7f8677800000-7f8677d00000 rw-p 00000000 00:00 0 
7f8677d00000-7f8678000000 ---p 00000000 00:00 0 
7f8678000000-7f8678021000 rw-p 00000000 00:00 0 
7f8678021000-7f867c000000 ---p 00000000 00:00 0 
7f867c000000-7f867c021000 rw-p 00000000 00:00 0 
7f867c021000-7f8680000000 ---p 00000000 00:00 0 
7f8680000000-7f8680021000 rw-p 00000000 00:00 0 
7f8680021000-7f8684000000 ---p 00000000 00:00 0 
7f8684000000-7f8684021000 rw-p 00000000 00:00 0 
7f8684021000-7f8688000000 ---p 00000000 00:00 0 
7f8688000000-7f8688021000 rw-p 00000000 00:00 0 
7f8688021000-7f868c000000 ---p 00000000 00:00 0 
7f868c000000-7f868c021000 rw-p 00000000 00:00 0 
7f868c021000-7f8690000000 ---p 00000000 00:00 0 
7f8690000000-7f8690021000 rw-p 00000000 00:00 0 
7f8690021000-7f8694000000 ---p 00000000 00:00 0 
7f8694000000-7f8694002000 r--s 0000e000 08:11 539797348                  /work/irlin326287_1/home/sehouboa/.m2/repository/commons-logging/commons-logging/1.2/commons-logging-1.2.jar
7f8694002000-7f8694007000 r--s 0003c000 08:11 821936                     /work/irlin326287_1/home/sehouboa/.m2/repository/org/springframework/spring-expression/4.3.13.RELEASE/spring-expression-4.3.13.RELEASE.jar
7f8694007000-7f8694010000 r--s 00054000 08:11 821938                     /work/irlin326287_1/home/sehouboa/.m2/repository/org/springframework/spring-aop/4.3.13.RELEASE/spring-aop-4.3.13.RELEASE.jar
7f8694010000-7f8694012000 r--s 0000c000 08:11 821930                     /work/irlin326287_1/home/sehouboa/.m2/repository/org/apache/geronimo/bundles/json/20090211_1/json-20090211_1.jar
7f8694012000-7f8694014000 r--s 00003000 08:11 538352407                  /work/irlin326287_1/home/sehouboa/.m2/repository/com/fasterxml/jackson/datatype/jackson-datatype-json-org/2.8.10/jackson-datatype-json-org-2.8.10.jar
7f8694014000-7f8694016000 r--s 00014000 08:11 538352796                  /work/irlin326287_1/home/sehouboa/.m2/repository/com/fasterxml/jackson/datatype/jackson-datatype-jsr310/2.8.10/jackson-datatype-jsr310-2.8.10.jar
7f8694016000-7f869402d000 r--s 00100000 08:11 1076054392                 /work/irlin326287_1/home/sehouboa/.m2/repository/com/carrotsearch/hppc/0.7.1/hppc-0.7.1.jar
7f869402d000-7f869402f000 r--s 00009000 08:11 538353022                  /work/irlin326287_1/home/sehouboa/.m2/repository/com/fasterxml/jackson/datatype/jackson-datatype-hppc/2.8.10/jackson-datatype-hppc-2.8.10.jar
7f869402f000-7f8694031000 r--s 00005000 08:11 1076054395                 /work/irlin326287_1/home/sehouboa/.m2/repository/com/fasterxml/jackson/datatype/jackson-datatype-hibernate5/2.8.10/jackson-datatype-hibernate5-2.8.10.jar
7f8694031000-7f8694043000 r--s 0011e000 08:11 821932                     /work/irlin326287_1/home/sehouboa/.m2/repository/com/fasterxml/jackson/core/jackson-databind/2.8.10/jackson-databind-2.8.10.jar
7f8694043000-7f8694066000 r--s 001ba000 08:11 834668                     /work/irlin326287_1/home/sehouboa/.m2/repository/org/apache/commons/commons-math3/3.3/commons-math3-3.3.jar
7f8694066000-7f8694079000 r--s 00345000 08:11 3175630                    /work/irlin326287_1/home/sehouboa/jdk1.8.0_131/jre/lib/resources.jar
7f8694079000-7f86948f9000 rw-p 00000000 00:00 0 
7f86948f9000-7f86948fa000 ---p 00000000 00:00 0 
7f86948fa000-7f86949fa000 rw-p 00000000 00:00 0 
7f86949fa000-7f86949fb000 ---p 00000000 00:00 0 
7f86949fb000-7f8694afb000 rw-p 00000000 00:00 0 
7f8694afb000-7f8694afc000 ---p 00000000 00:00 0 
7f8694afc000-7f8694bfc000 rw-p 00000000 00:00 0 
7f8694bfc000-7f8694bfd000 ---p 00000000 00:00 0 
7f8694bfd000-7f8694cfd000 rw-p 00000000 00:00 0 
7f8694cfd000-7f8694cfe000 ---p 00000000 00:00 0 
7f8694cfe000-7f8694dfe000 rw-p 00000000 00:00 0 
7f8694dfe000-7f8694dff000 ---p 00000000 00:00 0 
7f8694dff000-7f8694eff000 rw-p 00000000 00:00 0 
7f8694eff000-7f8694f00000 ---p 00000000 00:00 0 
7f8694f00000-7f8695000000 rw-p 00000000 00:00 0 
7f8695000000-7f8695270000 rwxp 00000000 00:00 0 
7f8695270000-7f86a4000000 ---p 00000000 00:00 0 
7f86a4000000-7f86a4694000 rw-p 00000000 00:00 0 
7f86a4694000-7f86a8000000 ---p 00000000 00:00 0 
7f86a8000000-7f86a8004000 r--s 00042000 08:11 821933                     /work/irlin326287_1/home/sehouboa/.m2/repository/com/fasterxml/jackson/core/jackson-core/2.8.10/jackson-core-2.8.10.jar
7f86a8004000-7f86a8007000 r--s 0000b000 08:11 1613104897                 /work/irlin326287_1/home/sehouboa/.m2/repository/com/fasterxml/jackson/core/jackson-annotations/2.8.0/jackson-annotations-2.8.0.jar
7f86a8007000-7f86a8009000 r--s 00011000 08:11 834662                     /work/irlin326287_1/home/sehouboa/.m2/repository/org/hamcrest/hamcrest-core/1.1/hamcrest-core-1.1.jar
7f86a8009000-7f86a801b000 r--s 000d6000 08:11 3171083                    /work/irlin326287_1/home/sehouboa/jdk1.8.0_131/jre/lib/plugin.jar
7f86a801b000-7f86a801c000 ---p 00000000 00:00 0 
7f86a801c000-7f86a816f000 rw-p 00000000 00:00 0 
7f86a816f000-7f86a8644000 ---p 00000000 00:00 0 
7f86a8644000-7f86a8697000 rw-p 00000000 00:00 0 
7f86a8697000-7f86a8b6b000 ---p 00000000 00:00 0 
7f86a8b6b000-7f86a8b95000 rw-p 00000000 00:00 0 
7f86a8b95000-7f86a8dff000 ---p 00000000 00:00 0 
7f86a8dff000-7f86a8e0a000 rw-p 00000000 00:00 0 
7f86a8e0a000-7f86a91c0000 ---p 00000000 00:00 0 
7f86a91c0000-7f86a91da000 r-xp 00000000 08:11 1610963256                 /work/irlin326287_1/home/sehouboa/jdk1.8.0_131/jre/lib/amd64/libzip.so
7f86a91da000-7f86a93da000 ---p 0001a000 08:11 1610963256                 /work/irlin326287_1/home/sehouboa/jdk1.8.0_131/jre/lib/amd64/libzip.so
7f86a93da000-7f86a93db000 rw-p 0001a000 08:11 1610963256                 /work/irlin326287_1/home/sehouboa/jdk1.8.0_131/jre/lib/amd64/libzip.so
7f86a93db000-7f86a93f2000 r-xp 00000000 08:02 50486949                   /usr/lib64/libnsl-2.17.so
7f86a93f2000-7f86a95f1000 ---p 00017000 08:02 50486949                   /usr/lib64/libnsl-2.17.so
7f86a95f1000-7f86a95f2000 r--p 00016000 08:02 50486949                   /usr/lib64/libnsl-2.17.so
7f86a95f2000-7f86a95f3000 rw-p 00017000 08:02 50486949                   /usr/lib64/libnsl-2.17.so
7f86a95f3000-7f86a95f5000 rw-p 00000000 00:00 0 
7f86a95f5000-7f86a960b000 r-xp 00000000 08:02 50486967                   /usr/lib64/libresolv-2.17.so
7f86a960b000-7f86a980a000 ---p 00016000 08:02 50486967                   /usr/lib64/libresolv-2.17.so
7f86a980a000-7f86a980b000 r--p 00015000 08:02 50486967                   /usr/lib64/libresolv-2.17.so
7f86a980b000-7f86a980c000 rw-p 00016000 08:02 50486967                   /usr/lib64/libresolv-2.17.so
7f86a980c000-7f86a980e000 rw-p 00000000 00:00 0 
7f86a980e000-7f86a983a000 r-xp 00000000 08:02 57132253                   /usr/lib64/libnss_centrifydc.so.2
7f86a983a000-7f86a993a000 ---p 0002c000 08:02 57132253                   /usr/lib64/libnss_centrifydc.so.2
7f86a993a000-7f86a993c000 rw-p 0002c000 08:02 57132253                   /usr/lib64/libnss_centrifydc.so.2
7f86a993c000-7f86a9946000 r-xp 00000000 08:11 1610963297                 /work/irlin326287_1/home/sehouboa/jdk1.8.0_131/jre/lib/amd64/libinstrument.so
7f86a9946000-7f86a9b45000 ---p 0000a000 08:11 1610963297                 /work/irlin326287_1/home/sehouboa/jdk1.8.0_131/jre/lib/amd64/libinstrument.so
7f86a9b45000-7f86a9b46000 rw-p 00009000 08:11 1610963297                 /work/irlin326287_1/home/sehouboa/jdk1.8.0_131/jre/lib/amd64/libinstrument.so
7f86a9b46000-7f86a9b71000 r-xp 00000000 08:11 1610963250                 /work/irlin326287_1/home/sehouboa/jdk1.8.0_131/jre/lib/amd64/libjava.so
7f86a9b71000-7f86a9d70000 ---p 0002b000 08:11 1610963250                 /work/irlin326287_1/home/sehouboa/jdk1.8.0_131/jre/lib/amd64/libjava.so
7f86a9d70000-7f86a9d72000 rw-p 0002a000 08:11 1610963250                 /work/irlin326287_1/home/sehouboa/jdk1.8.0_131/jre/lib/amd64/libjava.so
7f86a9d72000-7f86a9d7f000 r-xp 00000000 08:11 1610963255                 /work/irlin326287_1/home/sehouboa/jdk1.8.0_131/jre/lib/amd64/libverify.so
7f86a9d7f000-7f86a9f7e000 ---p 0000d000 08:11 1610963255                 /work/irlin326287_1/home/sehouboa/jdk1.8.0_131/jre/lib/amd64/libverify.so
7f86a9f7e000-7f86a9f80000 rw-p 0000c000 08:11 1610963255                 /work/irlin326287_1/home/sehouboa/jdk1.8.0_131/jre/lib/amd64/libverify.so
7f86a9f80000-7f86a9f87000 r-xp 00000000 08:02 50486969                   /usr/lib64/librt-2.17.so
7f86a9f87000-7f86aa186000 ---p 00007000 08:02 50486969                   /usr/lib64/librt-2.17.so
7f86aa186000-7f86aa187000 r--p 00006000 08:02 50486969                   /usr/lib64/librt-2.17.so
7f86aa187000-7f86aa188000 rw-p 00007000 08:02 50486969                   /usr/lib64/librt-2.17.so
7f86aa188000-7f86aa289000 r-xp 00000000 08:02 50486947                   /usr/lib64/libm-2.17.so
7f86aa289000-7f86aa488000 ---p 00101000 08:02 50486947                   /usr/lib64/libm-2.17.so
7f86aa488000-7f86aa489000 r--p 00100000 08:02 50486947                   /usr/lib64/libm-2.17.so
7f86aa489000-7f86aa48a000 rw-p 00101000 08:02 50486947                   /usr/lib64/libm-2.17.so
7f86aa48a000-7f86ab159000 r-xp 00000000 08:11 538255136                  /work/irlin326287_1/home/sehouboa/jdk1.8.0_131/jre/lib/amd64/server/libjvm.so
7f86ab159000-7f86ab359000 ---p 00ccf000 08:11 538255136                  /work/irlin326287_1/home/sehouboa/jdk1.8.0_131/jre/lib/amd64/server/libjvm.so
7f86ab359000-7f86ab432000 rw-p 00ccf000 08:11 538255136                  /work/irlin326287_1/home/sehouboa/jdk1.8.0_131/jre/lib/amd64/server/libjvm.so
7f86ab432000-7f86ab47d000 rw-p 00000000 00:00 0 
7f86ab47d000-7f86ab640000 r-xp 00000000 08:02 50486939                   /usr/lib64/libc-2.17.so
7f86ab640000-7f86ab83f000 ---p 001c3000 08:02 50486939                   /usr/lib64/libc-2.17.so
7f86ab83f000-7f86ab843000 r--p 001c2000 08:02 50486939                   /usr/lib64/libc-2.17.so
7f86ab843000-7f86ab845000 rw-p 001c6000 08:02 50486939                   /usr/lib64/libc-2.17.so
7f86ab845000-7f86ab84a000 rw-p 00000000 00:00 0 
7f86ab84a000-7f86ab84c000 r-xp 00000000 08:02 50486945                   /usr/lib64/libdl-2.17.so
7f86ab84c000-7f86aba4c000 ---p 00002000 08:02 50486945                   /usr/lib64/libdl-2.17.so
7f86aba4c000-7f86aba4d000 r--p 00002000 08:02 50486945                   /usr/lib64/libdl-2.17.so
7f86aba4d000-7f86aba4e000 rw-p 00003000 08:02 50486945                   /usr/lib64/libdl-2.17.so
7f86aba4e000-7f86aba63000 r-xp 00000000 08:11 1075300849                 /work/irlin326287_1/home/sehouboa/jdk1.8.0_131/lib/amd64/jli/libjli.so
7f86aba63000-7f86abc63000 ---p 00015000 08:11 1075300849                 /work/irlin326287_1/home/sehouboa/jdk1.8.0_131/lib/amd64/jli/libjli.so
7f86abc63000-7f86abc64000 rw-p 00015000 08:11 1075300849                 /work/irlin326287_1/home/sehouboa/jdk1.8.0_131/lib/amd64/jli/libjli.so
7f86abc64000-7f86abc7b000 r-xp 00000000 08:02 50486965                   /usr/lib64/libpthread-2.17.so
7f86abc7b000-7f86abe7a000 ---p 00017000 08:02 50486965                   /usr/lib64/libpthread-2.17.so
7f86abe7a000-7f86abe7b000 r--p 00016000 08:02 50486965                   /usr/lib64/libpthread-2.17.so
7f86abe7b000-7f86abe7c000 rw-p 00017000 08:02 50486965                   /usr/lib64/libpthread-2.17.so
7f86abe7c000-7f86abe80000 rw-p 00000000 00:00 0 
7f86abe80000-7f86abea2000 r-xp 00000000 08:02 50486932                   /usr/lib64/ld-2.17.so
7f86abea2000-7f86abea3000 r--s 00003000 08:11 1611004519                 /work/irlin326287_1/home/sehouboa/.m2/repository/javax/transaction/jta/1.1/jta-1.1.jar
7f86abea3000-7f86abeaa000 r--s 00037000 08:11 1611292594                 /work/irlin326287_1/home/sehouboa/.m2/repository/junit/junit/4.10/junit-4.10.jar
7f86abeaa000-7f86abead000 r--s 0001b000 08:11 536916458                  /work/irlin326287_1/home/sehouboa/.m2/repository/com/cedarsoftware/json-io/4.10.0/json-io-4.10.0.jar
7f86abead000-7f86abeb2000 r--s 0009a000 08:11 3175641                    /work/irlin326287_1/home/sehouboa/jdk1.8.0_131/jre/lib/jsse.jar
7f86abeb2000-7f86abeb7000 r--s 00084000 08:11 3171058                    /work/irlin326287_1/home/sehouboa/jdk1.8.0_131/jre/lib/jfr.jar
7f86abeb7000-7f86abf60000 rw-p 00000000 00:00 0 
7f86abf60000-7f86abf64000 ---p 00000000 00:00 0 
7f86abf64000-7f86ac065000 rw-p 00000000 00:00 0 
7f86ac065000-7f86ac066000 r--s 00005000 08:11 1075388137                 /work/irlin326287_1/home/sehouboa/.m2/repository/com/googlecode/json-simple/json-simple/1.1.1/json-simple-1.1.1.jar
7f86ac066000-7f86ac067000 r--s 00000000 08:11 3171066                    /work/irlin326287_1/home/sehouboa/jdk1.8.0_131/jre/lib/management-agent.jar
7f86ac067000-7f86ac069000 r--s 00007000 08:11 3175674                    /work/irlin326287_1/home/sehouboa/jdk1.8.0_131/jre/lib/jfxswt.jar
7f86ac069000-7f86ac06c000 r--s 0001a000 08:11 3175672                    /work/irlin326287_1/home/sehouboa/jdk1.8.0_131/jre/lib/jce.jar
7f86ac06c000-7f86ac076000 r--s 0006c000 08:11 3171069                    /work/irlin326287_1/home/sehouboa/jdk1.8.0_131/jre/lib/javaws.jar
7f86ac076000-7f86ac091000 r--s 0020b000 08:11 3171059                    /work/irlin326287_1/home/sehouboa/jdk1.8.0_131/jre/lib/deploy.jar
7f86ac091000-7f86ac096000 r--s 002f9000 08:11 3175618                    /work/irlin326287_1/home/sehouboa/jdk1.8.0_131/jre/lib/charsets.jar
7f86ac096000-7f86ac09e000 rw-s 00000000 08:02 50469109                   /tmp/hsperfdata_sehouboa/682
7f86ac09e000-7f86ac09f000 rw-p 00000000 00:00 0 
7f86ac09f000-7f86ac0a0000 ---p 00000000 00:00 0 
7f86ac0a0000-7f86ac0a1000 rw-p 00000000 00:00 0 
7f86ac0a1000-7f86ac0a2000 r--p 00021000 08:02 50486932                   /usr/lib64/ld-2.17.so
7f86ac0a2000-7f86ac0a3000 rw-p 00022000 08:02 50486932                   /usr/lib64/ld-2.17.so
7f86ac0a3000-7f86ac0a4000 rw-p 00000000 00:00 0 
7ffcefad3000-7ffcefaf6000 rw-p 00000000 00:00 0                          [stack]
7ffcefbfc000-7ffcefbfe000 r-xp 00000000 00:00 0                          [vdso]
ffffffffff600000-ffffffffff601000 r-xp 00000000 00:00 0                  [vsyscall]

VM Arguments:
jvm_args: -Dsun.awt.disablegrab=true -javaagent:/work/irlin326287_1/sehouboa/apps/idea-IC-191.7479.19/lib/idea_rt.jar=45011:/work/irlin326287_1/sehouboa/apps/idea-IC-191.7479.19/bin -Dfile.encoding=UTF-8 
java_command: stratifx.application.main.Main
java_class_path (initial): /work/irlin326287_1/home/sehouboa/jdk1.8.0_131/jre/lib/charsets.jar:/work/irlin326287_1/home/sehouboa/jdk1.8.0_131/jre/lib/deploy.jar:/work/irlin326287_1/home/sehouboa/jdk1.8.0_131/jre/lib/ext/cldrdata.jar:/work/irlin326287_1/home/sehouboa/jdk1.8.0_131/jre/lib/ext/dnsns.jar:/work/irlin326287_1/home/sehouboa/jdk1.8.0_131/jre/lib/ext/jaccess.jar:/work/irlin326287_1/home/sehouboa/jdk1.8.0_131/jre/lib/ext/jfxrt.jar:/work/irlin326287_1/home/sehouboa/jdk1.8.0_131/jre/lib/ext/localedata.jar:/work/irlin326287_1/home/sehouboa/jdk1.8.0_131/jre/lib/ext/nashorn.jar:/work/irlin326287_1/home/sehouboa/jdk1.8.0_131/jre/lib/ext/sunec.jar:/work/irlin326287_1/home/sehouboa/jdk1.8.0_131/jre/lib/ext/sunjce_provider.jar:/work/irlin326287_1/home/sehouboa/jdk1.8.0_131/jre/lib/ext/sunpkcs11.jar:/work/irlin326287_1/home/sehouboa/jdk1.8.0_131/jre/lib/ext/zipfs.jar:/work/irlin326287_1/home/sehouboa/jdk1.8.0_131/jre/lib/javaws.jar:/work/irlin326287_1/home/sehouboa/jdk1.8.0_131/jre/lib/jce.jar:/work/irlin326287_1/home/sehouboa/jdk1.8.0_131/jre/lib/jfr.jar:/work/irlin326287_1/home/sehouboa/jdk1.8.0_131/jre/lib/jfxswt.jar:/work/irlin326287_1/home/sehouboa/jdk1.8.0_131/jre/lib/jsse.jar:/work/irlin326287_1/home/sehouboa/jdk1.8.0_131/jre/lib/management-agent.jar:/work/irlin326287_1/home/sehouboa/jdk1.8.0_131/jre/lib/plugin.jar:/work/irlin326287_1/home/sehouboa/jdk1.8.0_131/jre/lib/resources.jar:/work/irlin326287_1/home/sehouboa/jdk1.8.0_131/jre/lib/rt.jar:/home/irsrvhome1/R11/sehouboa/straticrush/org.ifpen.stratiFX/out/production/fr.ifp.stratiFX:/home/irsrvhome1/R11/sehouboa/straticrush/org.ifpen.stratiFX/out/production/fr.ifp.kronosflow.incubator:/home/irsrvhome1/R11/sehouboa/straticrush/org.ifpen.stratiFX/out/production/fr.ifp.kronosflow.controllers:/home/irsrvhome1/R11/sehouboa/straticrush/org.ifpen.stratiFX/out/production/fr.ifp.kronosflow.model:/home/irsrvhome1/R11/sehouboa/straticrush/org.ifpen.stratiFX/out/production/fr.ifp.kronosflow.kernel:/home/irsrvhome1/R11/se
Launcher Type: SUN_STANDARD

Environment Variables:
PATH=/usr/lib64/qt-3.3/bin:/usr/bin:/usr/X11R6/bin:/usr/soft/system/bin:/usr/soft/system/env:/usr/soft/proc:/usr/soft/bin:/sbin:/bin:/usr/local/proc:/usr/local/bin:/usr/local/sbin:/usr/bin:/usr/sbin:/bin:/sbin
USERNAME=sehouboa
SHELL=/bin/tcsh
DISPLAY=:0
HOSTTYPE=x86_64-linux
OSTYPE=linux
MACHTYPE=x86_64

Signal Handlers:
SIGSEGV: [libjvm.so+0xac8af0], sa_mask[0]=11111111011111111101111111111110, sa_flags=SA_RESTART|SA_SIGINFO
SIGBUS: [libjvm.so+0xac8af0], sa_mask[0]=11111111011111111101111111111110, sa_flags=SA_RESTART|SA_SIGINFO
SIGFPE: [libjvm.so+0x921dd0], sa_mask[0]=11111111011111111101111111111110, sa_flags=SA_RESTART|SA_SIGINFO
SIGPIPE: [libjvm.so+0x921dd0], sa_mask[0]=11111111011111111101111111111110, sa_flags=SA_RESTART|SA_SIGINFO
SIGXFSZ: [libjvm.so+0x921dd0], sa_mask[0]=11111111011111111101111111111110, sa_flags=SA_RESTART|SA_SIGINFO
SIGILL: [libjvm.so+0x921dd0], sa_mask[0]=11111111011111111101111111111110, sa_flags=SA_RESTART|SA_SIGINFO
SIGUSR1: SIG_DFL, sa_mask[0]=00000000000000000000000000000000, sa_flags=none
SIGUSR2: [libjvm.so+0x923610], sa_mask[0]=00100000000000000000000000000000, sa_flags=SA_RESTART|SA_SIGINFO
SIGHUP: [libjvm.so+0x924a10], sa_mask[0]=11111111011111111101111111111110, sa_flags=SA_RESTART|SA_SIGINFO
SIGINT: [libjvm.so+0x924a10], sa_mask[0]=11111111011111111101111111111110, sa_flags=SA_RESTART|SA_SIGINFO
SIGTERM: [libjvm.so+0x924a10], sa_mask[0]=11111111011111111101111111111110, sa_flags=SA_RESTART|SA_SIGINFO
SIGQUIT: [libjvm.so+0x924a10], sa_mask[0]=11111111011111111101111111111110, sa_flags=SA_RESTART|SA_SIGINFO


---------------  S Y S T E M  ---------------

OS:Linux
uname:Linux 3.10.0-862.el7.x86_64 #1 SMP Fri Apr 20 16:44:24 UTC 2018 x86_64
libc:glibc 2.17 NPTL 2.17 
rlimit: STACK 8192k, CORE 0k, NPROC 4096, NOFILE 4096, AS infinity
load average:6,88 3,15 1,57

/proc/meminfo:
MemTotal:       16210096 kB
MemFree:          493160 kB
MemAvailable:    6789412 kB
Buffers:             176 kB
Cached:          6564888 kB
SwapCached:            0 kB
Active:          8011652 kB
Inactive:        2664884 kB
Active(anon):    3869844 kB
Inactive(anon):   348128 kB
Active(file):    4141808 kB
Inactive(file):  2316756 kB
Unevictable:          16 kB
Mlocked:              16 kB
SwapTotal:       4194300 kB
SwapFree:        4194044 kB
Dirty:            502004 kB
Writeback:            16 kB
AnonPages:       4083100 kB
Mapped:           640540 kB
Shmem:            106372 kB
Slab:             301336 kB
SReclaimable:     178984 kB
SUnreclaim:       122352 kB
KernelStack:       18384 kB
PageTables:        72708 kB
NFS_Unstable:          0 kB
Bounce:                0 kB
WritebackTmp:          0 kB
CommitLimit:    12299348 kB
Committed_AS:   15829500 kB
VmallocTotal:   34359738367 kB
VmallocUsed:      355872 kB
VmallocChunk:   34358947836 kB
HardwareCorrupted:     0 kB
AnonHugePages:   2093056 kB
CmaTotal:              0 kB
CmaFree:               0 kB
HugePages_Total:       0
HugePages_Free:        0
HugePages_Rsvd:        0
HugePages_Surp:        0
Hugepagesize:       2048 kB
DirectMap4k:     2249308 kB
DirectMap2M:    13422592 kB
DirectMap1G:     1048576 kB


CPU:total 8 (initial active 8) (4 cores per cpu, 2 threads per core) family 6 model 62 stepping 4, cmov, cx8, fxsr, mmx, sse, sse2, sse3, ssse3, sse4.1, sse4.2, popcnt, avx, aes, clmul, erms, ht, tsc, tscinvbit

/proc/cpuinfo:
processor	: 0
vendor_id	: GenuineIntel
cpu family	: 6
model		: 62
model name	: Intel(R) Xeon(R) CPU E5-1620 v2 @ 3.70GHz
stepping	: 4
microcode	: 0x428
cpu MHz		: 2599.530
cache size	: 10240 KB
physical id	: 0
siblings	: 8
core id		: 0
cpu cores	: 4
apicid		: 0
initial apicid	: 0
fpu		: yes
fpu_exception	: yes
cpuid level	: 13
wp		: yes
flags		: fpu vme de pse tsc msr pae mce cx8 apic sep mtrr pge mca cmov pat pse36 clflush dts acpi mmx fxsr sse sse2 ss ht tm pbe syscall nx pdpe1gb rdtscp lm constant_tsc arch_perfmon pebs bts rep_good nopl xtopology nonstop_tsc aperfmperf eagerfpu pni pclmulqdq dtes64 monitor ds_cpl vmx smx est tm2 ssse3 cx16 xtpr pdcm pcid dca sse4_1 sse4_2 x2apic popcnt tsc_deadline_timer aes xsave avx f16c rdrand lahf_lm epb tpr_shadow vnmi flexpriority ept vpid fsgsbase smep erms xsaveopt dtherm ida arat pln pts
bogomips	: 7381.82
clflush size	: 64
cache_alignment	: 64
address sizes	: 46 bits physical, 48 bits virtual
power management:

processor	: 1
vendor_id	: GenuineIntel
cpu family	: 6
model		: 62
model name	: Intel(R) Xeon(R) CPU E5-1620 v2 @ 3.70GHz
stepping	: 4
microcode	: 0x428
cpu MHz		: 2590.496
cache size	: 10240 KB
physical id	: 0
siblings	: 8
core id		: 1
cpu cores	: 4
apicid		: 2
initial apicid	: 2
fpu		: yes
fpu_exception	: yes
cpuid level	: 13
wp		: yes
flags		: fpu vme de pse tsc msr pae mce cx8 apic sep mtrr pge mca cmov pat pse36 clflush dts acpi mmx fxsr sse sse2 ss ht tm pbe syscall nx pdpe1gb rdtscp lm constant_tsc arch_perfmon pebs bts rep_good nopl xtopology nonstop_tsc aperfmperf eagerfpu pni pclmulqdq dtes64 monitor ds_cpl vmx smx est tm2 ssse3 cx16 xtpr pdcm pcid dca sse4_1 sse4_2 x2apic popcnt tsc_deadline_timer aes xsave avx f16c rdrand lahf_lm epb tpr_shadow vnmi flexpriority ept vpid fsgsbase smep erms xsaveopt dtherm ida arat pln pts
bogomips	: 7381.82
clflush size	: 64
cache_alignment	: 64
address sizes	: 46 bits physical, 48 bits virtual
power management:

processor	: 2
vendor_id	: GenuineIntel
cpu family	: 6
model		: 62
model name	: Intel(R) Xeon(R) CPU E5-1620 v2 @ 3.70GHz
stepping	: 4
microcode	: 0x428
cpu MHz		: 2580.334
cache size	: 10240 KB
physical id	: 0
siblings	: 8
core id		: 2
cpu cores	: 4
apicid		: 4
initial apicid	: 4
fpu		: yes
fpu_exception	: yes
cpuid level	: 13
wp		: yes
flags		: fpu vme de pse tsc msr pae mce cx8 apic sep mtrr pge mca cmov pat pse36 clflush dts acpi mmx fxsr sse sse2 ss ht tm pbe syscall nx pdpe1gb rdtscp lm constant_tsc arch_perfmon pebs bts rep_good nopl xtopology nonstop_tsc aperfmperf eagerfpu pni pclmulqdq dtes64 monitor ds_cpl vmx smx est tm2 ssse3 cx16 xtpr pdcm pcid dca sse4_1 sse4_2 x2apic popcnt tsc_deadline_timer aes xsave avx f16c rdrand lahf_lm epb tpr_shadow vnmi flexpriority ept vpid fsgsbase smep erms xsaveopt dtherm ida arat pln pts
bogomips	: 7381.82
clflush size	: 64
cache_alignment	: 64
address sizes	: 46 bits physical, 48 bits virtual
power management:

processor	: 3
vendor_id	: GenuineIntel
cpu family	: 6
model		: 62
model name	: Intel(R) Xeon(R) CPU E5-1620 v2 @ 3.70GHz
stepping	: 4
microcode	: 0x428
cpu MHz		: 2538.781
cache size	: 10240 KB
physical id	: 0
siblings	: 8
core id		: 3
cpu cores	: 4
apicid		: 6
initial apicid	: 6
fpu		: yes
fpu_exception	: yes
cpuid level	: 13
wp		: yes
flags		: fpu vme de pse tsc msr pae mce cx8 apic sep mtrr pge mca cmov pat pse36 clflush dts acpi mmx fxsr sse sse2 ss ht tm pbe syscall nx pdpe1gb rdtscp lm constant_tsc arch_perfmon pebs bts rep_good nopl xtopology nonstop_tsc aperfmperf eagerfpu pni pclmulqdq dtes64 monitor ds_cpl vmx smx est tm2 ssse3 cx16 xtpr pdcm pcid dca sse4_1 sse4_2 x2apic popcnt tsc_deadline_timer aes xsave avx f16c rdrand lahf_lm epb tpr_shadow vnmi flexpriority ept vpid fsgsbase smep erms xsaveopt dtherm ida arat pln pts
bogomips	: 7381.82
clflush size	: 64
cache_alignment	: 64
address sizes	: 46 bits physical, 48 bits virtual
power management:

processor	: 4
vendor_id	: GenuineIntel
cpu family	: 6
model		: 62
model name	: Intel(R) Xeon(R) CPU E5-1620 v2 @ 3.70GHz
stepping	: 4
microcode	: 0x428
cpu MHz		: 2548.040
cache size	: 10240 KB
physical id	: 0
siblings	: 8
core id		: 0
cpu cores	: 4
apicid		: 1
initial apicid	: 1
fpu		: yes
fpu_exception	: yes
cpuid level	: 13
wp		: yes
flags		: fpu vme de pse tsc msr pae mce cx8 apic sep mtrr pge mca cmov pat pse36 clflush dts acpi mmx fxsr sse sse2 ss ht tm pbe syscall nx pdpe1gb rdtscp lm constant_tsc arch_perfmon pebs bts rep_good nopl xtopology nonstop_tsc aperfmperf eagerfpu pni pclmulqdq dtes64 monitor ds_cpl vmx smx est tm2 ssse3 cx16 xtpr pdcm pcid dca sse4_1 sse4_2 x2apic popcnt tsc_deadline_timer aes xsave avx f16c rdrand lahf_lm epb tpr_shadow vnmi flexpriority ept vpid fsgsbase smep erms xsaveopt dtherm ida arat pln pts
bogomips	: 7381.82
clflush size	: 64
cache_alignment	: 64
address sizes	: 46 bits physical, 48 bits virtual
power management:

processor	: 5
vendor_id	: GenuineIntel
cpu family	: 6
model		: 62
model name	: Intel(R) Xeon(R) CPU E5-1620 v2 @ 3.70GHz
stepping	: 4
microcode	: 0x428
cpu MHz		: 2518.457
cache size	: 10240 KB
physical id	: 0
siblings	: 8
core id		: 1
cpu cores	: 4
apicid		: 3
initial apicid	: 3
fpu		: yes
fpu_exception	: yes
cpuid level	: 13
wp		: yes
flags		: fpu vme de pse tsc msr pae mce cx8 apic sep mtrr pge mca cmov pat pse36 clflush dts acpi mmx fxsr sse sse2 ss ht tm pbe syscall nx pdpe1gb rdtscp lm constant_tsc arch_perfmon pebs bts rep_good nopl xtopology nonstop_tsc aperfmperf eagerfpu pni pclmulqdq dtes64 monitor ds_cpl vmx smx est tm2 ssse3 cx16 xtpr pdcm pcid dca sse4_1 sse4_2 x2apic popcnt tsc_deadline_timer aes xsave avx f16c rdrand lahf_lm epb tpr_shadow vnmi flexpriority ept vpid fsgsbase smep erms xsaveopt dtherm ida arat pln pts
bogomips	: 7381.82
clflush size	: 64
cache_alignment	: 64
address sizes	: 46 bits physical, 48 bits virtual
power management:

processor	: 6
vendor_id	: GenuineIntel
cpu family	: 6
model		: 62
model name	: Intel(R) Xeon(R) CPU E5-1620 v2 @ 3.70GHz
stepping	: 4
microcode	: 0x428
cpu MHz		: 2535.620
cache size	: 10240 KB
physical id	: 0
siblings	: 8
core id		: 2
cpu cores	: 4
apicid		: 5
initial apicid	: 5
fpu		: yes
fpu_exception	: yes
cpuid level	: 13
wp		: yes
flags		: fpu vme de pse tsc msr pae mce cx8 apic sep mtrr pge mca cmov pat pse36 clflush dts acpi mmx fxsr sse sse2 ss ht tm pbe syscall nx pdpe1gb rdtscp lm constant_tsc arch_perfmon pebs bts rep_good nopl xtopology nonstop_tsc aperfmperf eagerfpu pni pclmulqdq dtes64 monitor ds_cpl vmx smx est tm2 ssse3 cx16 xtpr pdcm pcid dca sse4_1 sse4_2 x2apic popcnt tsc_deadline_timer aes xsave avx f16c rdrand lahf_lm epb tpr_shadow vnmi flexpriority ept vpid fsgsbase smep erms xsaveopt dtherm ida arat pln pts
bogomips	: 7381.82
clflush size	: 64
cache_alignment	: 64
address sizes	: 46 bits physical, 48 bits virtual
power management:

processor	: 7
vendor_id	: GenuineIntel
cpu family	: 6
model		: 62
model name	: Intel(R) Xeon(R) CPU E5-1620 v2 @ 3.70GHz
stepping	: 4
microcode	: 0x428
cpu MHz		: 2559.332
cache size	: 10240 KB
physical id	: 0
siblings	: 8
core id		: 3
cpu cores	: 4
apicid		: 7
initial apicid	: 7
fpu		: yes
fpu_exception	: yes
cpuid level	: 13
wp		: yes
flags		: fpu vme de pse tsc msr pae mce cx8 apic sep mtrr pge mca cmov pat pse36 clflush dts acpi mmx fxsr sse sse2 ss ht tm pbe syscall nx pdpe1gb rdtscp lm constant_tsc arch_perfmon pebs bts rep_good nopl xtopology nonstop_tsc aperfmperf eagerfpu pni pclmulqdq dtes64 monitor ds_cpl vmx smx est tm2 ssse3 cx16 xtpr pdcm pcid dca sse4_1 sse4_2 x2apic popcnt tsc_deadline_timer aes xsave avx f16c rdrand lahf_lm epb tpr_shadow vnmi flexpriority ept vpid fsgsbase smep erms xsaveopt dtherm ida arat pln pts
bogomips	: 7381.82
clflush size	: 64
cache_alignment	: 64
address sizes	: 46 bits physical, 48 bits virtual
power management:



Memory: 4k page, physical 16210096k(493160k free), swap 4194300k(4194044k free)

vm_info: Java HotSpot(TM) 64-Bit Server VM (25.131-b11) for linux-amd64 JRE (1.8.0_131-b11), built on Mar 15 2017 01:23:40 by "java_re" with gcc 4.3.0 20080428 (Red Hat 4.3.0-8)

time: Thu Jun 27 09:11:21 2019
elapsed time: 93 seconds (0d 0h 1m 33s)

